<?xml version="1.0" encoding="UTF-8"?>
<testsuite name="com.example.emojournal.EmoJournalApplicationTests" tests="1" skipped="0" failures="0" errors="0" timestamp="2025-07-31T11:28:02.715Z" hostname="Dongjuui-MacBookPro.local" time="0.231">
  <properties/>
  <testcase name="contextLoads()" classname="com.example.emojournal.EmoJournalApplicationTests" time="0.231"/>
  <system-out><![CDATA[20:27:59.749 [Test worker] INFO org.springframework.test.context.support.AnnotationConfigContextLoaderUtils -- Could not detect default configuration classes for test class [com.example.emojournal.EmoJournalApplicationTests]: EmoJournalApplicationTests does not declare any static, non-private, non-final, nested classes annotated with @Configuration.
20:27:59.789 [Test worker] INFO org.springframework.boot.test.context.SpringBootTestContextBootstrapper -- Found @SpringBootConfiguration com.example.emojournal.EmoJournalApplication for test class com.example.emojournal.EmoJournalApplicationTests

  .   ____          _            __ _ _
 /\\ / ___'_ __ _ _(_)_ __  __ _ \ \ \ \
( ( )\___ | '_ | '_| | '_ \/ _` | \ \ \ \
 \\/  ___)| |_)| | | | | || (_| |  ) ) ) )
  '  |____| .__|_| |_|_| |_\__, | / / / /
 =========|_|==============|___/=/_/_/_/

 :: Spring Boot ::               (v3.3.13)

2025-07-31T20:27:59.910+09:00  INFO 59478 --- [    Test worker] c.e.e.EmoJournalApplicationTests         : Starting EmoJournalApplicationTests using Java 17.0.12 with PID 59478 (started by dongjulee in /Users/dongjulee/Documents/coding/EmoJournal)
2025-07-31T20:27:59.910+09:00  INFO 59478 --- [    Test worker] c.e.e.EmoJournalApplicationTests         : No active profile set, falling back to 1 default profile: "default"
2025-07-31T20:28:00.168+09:00  INFO 59478 --- [    Test worker] .s.d.r.c.RepositoryConfigurationDelegate : Bootstrapping Spring Data JPA repositories in DEFAULT mode.
2025-07-31T20:28:00.219+09:00  INFO 59478 --- [    Test worker] .s.d.r.c.RepositoryConfigurationDelegate : Finished Spring Data repository scanning in 49 ms. Found 4 JPA repository interfaces.
2025-07-31T20:28:00.260+09:00  WARN 59478 --- [    Test worker] o.m.s.mapper.ClassPathMapperScanner      : No MyBatis mapper was found in '[com.example.emojournal]' package. Please check your configuration.
2025-07-31T20:28:00.426+09:00  INFO 59478 --- [    Test worker] o.hibernate.jpa.internal.util.LogHelper  : HHH000204: Processing PersistenceUnitInfo [name: default]
2025-07-31T20:28:00.445+09:00  INFO 59478 --- [    Test worker] org.hibernate.Version                    : HHH000412: Hibernate ORM core version 6.5.3.Final
2025-07-31T20:28:00.458+09:00  INFO 59478 --- [    Test worker] o.h.c.internal.RegionFactoryInitiator    : HHH000026: Second-level cache disabled
2025-07-31T20:28:00.555+09:00  INFO 59478 --- [    Test worker] o.s.o.j.p.SpringPersistenceUnitInfo      : No LoadTimeWeaver setup: ignoring JPA class transformer
2025-07-31T20:28:00.565+09:00  INFO 59478 --- [    Test worker] com.zaxxer.hikari.HikariDataSource       : HikariPool-1 - Starting...
2025-07-31T20:28:00.945+09:00  INFO 59478 --- [    Test worker] com.zaxxer.hikari.pool.HikariPool        : HikariPool-1 - Added connection com.mysql.cj.jdbc.ConnectionImpl@98712fa
2025-07-31T20:28:00.946+09:00  INFO 59478 --- [    Test worker] com.zaxxer.hikari.HikariDataSource       : HikariPool-1 - Start completed.
2025-07-31T20:28:00.968+09:00  WARN 59478 --- [    Test worker] org.hibernate.orm.deprecation            : HHH90000025: MySQL8Dialect does not need to be specified explicitly using 'hibernate.dialect' (remove the property setting and it will be selected by default)
2025-07-31T20:28:00.968+09:00  WARN 59478 --- [    Test worker] org.hibernate.orm.deprecation            : HHH90000026: MySQL8Dialect has been deprecated; use org.hibernate.dialect.MySQLDialect instead
2025-07-31T20:28:01.315+09:00  INFO 59478 --- [    Test worker] o.h.e.t.j.p.i.JtaPlatformInitiator       : HHH000489: No JTA platform available (set 'hibernate.transaction.jta.platform' to enable JTA platform integration)
Hibernate: 
    alter table diaries 
       modify column content TEXT not null
Hibernate: 
    alter table diaries 
       modify column emotion_interpretation TEXT
2025-07-31T20:28:01.817+09:00  INFO 59478 --- [    Test worker] j.LocalContainerEntityManagerFactoryBean : Initialized JPA EntityManagerFactory for persistence unit 'default'
2025-07-31T20:28:01.978+09:00  INFO 59478 --- [    Test worker] o.s.d.j.r.query.QueryEnhancerFactory     : Hibernate is in classpath; If applicable, HQL parser will be used.
2025-07-31T20:28:02.453+09:00  WARN 59478 --- [    Test worker] .s.s.UserDetailsServiceAutoConfiguration : 

Using generated security password: a0e307d6-8f17-4924-bd82-01fcdf2989f2

This generated password is for development use only. Your security configuration must be updated before running your application in production.

2025-07-31T20:28:02.459+09:00  INFO 59478 --- [    Test worker] r$InitializeUserDetailsManagerConfigurer : Global AuthenticationManager configured with UserDetailsService bean with name inMemoryUserDetailsManager
2025-07-31T20:28:02.710+09:00  INFO 59478 --- [    Test worker] c.e.e.EmoJournalApplicationTests         : Started EmoJournalApplicationTests in 2.87 seconds (process running for 3.241)
]]></system-out>
  <system-err><![CDATA[]]></system-err>
</testsuite>
